{"C:\\Users\\Dell\\Desktop\\ClinicaWeb\\ClinicaWeb\\JyGDreams\\static\\JyGDreams\\pago.js": {"path":"C:\\Users\\Dell\\Desktop\\ClinicaWeb\\ClinicaWeb\\JyGDreams\\static\\JyGDreams\\pago.js","statementMap":{"0":{"start":{"line":1,"column":0},"end":{"line":308,"column":3}},"1":{"start":{"line":2,"column":21},"end":{"line":2,"column":59}},"2":{"start":{"line":3,"column":26},"end":{"line":3,"column":71}},"3":{"start":{"line":4,"column":30},"end":{"line":4,"column":78}},"4":{"start":{"line":8,"column":28},"end":{"line":8,"column":57}},"5":{"start":{"line":9,"column":18},"end":{"line":9,"column":49}},"6":{"start":{"line":10,"column":22},"end":{"line":10,"column":50}},"7":{"start":{"line":11,"column":21},"end":{"line":11,"column":72}},"8":{"start":{"line":13,"column":4},"end":{"line":13,"column":31}},"9":{"start":{"line":13,"column":19},"end":{"line":13,"column":31}},"10":{"start":{"line":15,"column":4},"end":{"line":15,"column":36}},"11":{"start":{"line":16,"column":4},"end":{"line":16,"column":30}},"12":{"start":{"line":17,"column":4},"end":{"line":17,"column":41}},"13":{"start":{"line":19,"column":4},"end":{"line":24,"column":5}},"14":{"start":{"line":20,"column":6},"end":{"line":20,"column":67}},"15":{"start":{"line":21,"column":6},"end":{"line":21,"column":39}},"16":{"start":{"line":22,"column":6},"end":{"line":22,"column":40}},"17":{"start":{"line":23,"column":6},"end":{"line":23,"column":19}},"18":{"start":{"line":26,"column":4},"end":{"line":31,"column":5}},"19":{"start":{"line":27,"column":6},"end":{"line":27,"column":96}},"20":{"start":{"line":28,"column":6},"end":{"line":28,"column":39}},"21":{"start":{"line":29,"column":6},"end":{"line":29,"column":40}},"22":{"start":{"line":30,"column":6},"end":{"line":30,"column":19}},"23":{"start":{"line":33,"column":4},"end":{"line":33,"column":16}},"24":{"start":{"line":38,"column":18},"end":{"line":38,"column":54}},"25":{"start":{"line":39,"column":28},"end":{"line":39,"column":57}},"26":{"start":{"line":40,"column":21},"end":{"line":40,"column":72}},"27":{"start":{"line":42,"column":4},"end":{"line":42,"column":26}},"28":{"start":{"line":42,"column":19},"end":{"line":42,"column":26}},"29":{"start":{"line":45,"column":19},"end":{"line":45,"column":30}},"30":{"start":{"line":46,"column":16},"end":{"line":46,"column":48}},"31":{"start":{"line":47,"column":21},"end":{"line":47,"column":43}},"32":{"start":{"line":50,"column":4},"end":{"line":66,"column":5}},"33":{"start":{"line":51,"column":6},"end":{"line":65,"column":7}},"34":{"start":{"line":53,"column":8},"end":{"line":53,"column":130}},"35":{"start":{"line":54,"column":8},"end":{"line":54,"column":41}},"36":{"start":{"line":55,"column":8},"end":{"line":55,"column":42}},"37":{"start":{"line":57,"column":8},"end":{"line":57,"column":30}},"38":{"start":{"line":58,"column":8},"end":{"line":58,"column":21}},"39":{"start":{"line":59,"column":13},"end":{"line":65,"column":7}},"40":{"start":{"line":61,"column":8},"end":{"line":61,"column":72}},"41":{"start":{"line":62,"column":8},"end":{"line":62,"column":41}},"42":{"start":{"line":63,"column":8},"end":{"line":63,"column":42}},"43":{"start":{"line":64,"column":8},"end":{"line":64,"column":21}},"44":{"start":{"line":69,"column":4},"end":{"line":69,"column":36}},"45":{"start":{"line":70,"column":4},"end":{"line":70,"column":30}},"46":{"start":{"line":71,"column":4},"end":{"line":71,"column":41}},"47":{"start":{"line":72,"column":4},"end":{"line":72,"column":16}},"48":{"start":{"line":77,"column":21},"end":{"line":77,"column":86}},"49":{"start":{"line":78,"column":18},"end":{"line":78,"column":73}},"50":{"start":{"line":79,"column":28},"end":{"line":79,"column":82}},"51":{"start":{"line":81,"column":4},"end":{"line":81,"column":43}},"52":{"start":{"line":81,"column":36},"end":{"line":81,"column":43}},"53":{"start":{"line":83,"column":18},"end":{"line":83,"column":49}},"54":{"start":{"line":84,"column":20},"end":{"line":84,"column":21}},"55":{"start":{"line":86,"column":4},"end":{"line":88,"column":5}},"56":{"start":{"line":87,"column":6},"end":{"line":87,"column":47}},"57":{"start":{"line":90,"column":21},"end":{"line":90,"column":51}},"58":{"start":{"line":91,"column":4},"end":{"line":91,"column":61}},"59":{"start":{"line":96,"column":16},"end":{"line":96,"column":17}},"60":{"start":{"line":97,"column":4},"end":{"line":108,"column":7}},"61":{"start":{"line":98,"column":30},"end":{"line":98,"column":62}},"62":{"start":{"line":99,"column":20},"end":{"line":99,"column":75}},"63":{"start":{"line":100,"column":20},"end":{"line":100,"column":51}},"64":{"start":{"line":101,"column":22},"end":{"line":101,"column":23}},"65":{"start":{"line":103,"column":6},"end":{"line":105,"column":7}},"66":{"start":{"line":104,"column":8},"end":{"line":104,"column":49}},"67":{"start":{"line":107,"column":6},"end":{"line":107,"column":46}},"68":{"start":{"line":109,"column":4},"end":{"line":109,"column":53}},"69":{"start":{"line":113,"column":2},"end":{"line":140,"column":5}},"70":{"start":{"line":114,"column":4},"end":{"line":139,"column":7}},"71":{"start":{"line":115,"column":30},"end":{"line":115,"column":58}},"72":{"start":{"line":116,"column":29},"end":{"line":116,"column":90}},"73":{"start":{"line":117,"column":29},"end":{"line":117,"column":84}},"74":{"start":{"line":118,"column":23},"end":{"line":118,"column":74}},"75":{"start":{"line":120,"column":6},"end":{"line":138,"column":7}},"76":{"start":{"line":121,"column":8},"end":{"line":121,"column":47}},"77":{"start":{"line":122,"column":8},"end":{"line":124,"column":9}},"78":{"start":{"line":123,"column":10},"end":{"line":123,"column":33}},"79":{"start":{"line":126,"column":8},"end":{"line":126,"column":46}},"80":{"start":{"line":127,"column":8},"end":{"line":129,"column":9}},"81":{"start":{"line":128,"column":10},"end":{"line":128,"column":37}},"82":{"start":{"line":130,"column":8},"end":{"line":132,"column":9}},"83":{"start":{"line":131,"column":10},"end":{"line":131,"column":42}},"84":{"start":{"line":133,"column":8},"end":{"line":135,"column":9}},"85":{"start":{"line":134,"column":10},"end":{"line":134,"column":56}},"86":{"start":{"line":136,"column":8},"end":{"line":136,"column":44}},"87":{"start":{"line":137,"column":8},"end":{"line":137,"column":26}},"88":{"start":{"line":143,"column":2},"end":{"line":253,"column":5}},"89":{"start":{"line":145,"column":4},"end":{"line":166,"column":7}},"90":{"start":{"line":147,"column":26},"end":{"line":151,"column":7}},"91":{"start":{"line":154,"column":6},"end":{"line":156,"column":7}},"92":{"start":{"line":155,"column":8},"end":{"line":155,"column":15}},"93":{"start":{"line":159,"column":6},"end":{"line":163,"column":7}},"94":{"start":{"line":162,"column":8},"end":{"line":162,"column":15}},"95":{"start":{"line":165,"column":6},"end":{"line":165,"column":25}},"96":{"start":{"line":169,"column":28},"end":{"line":169,"column":32}},"97":{"start":{"line":172,"column":4},"end":{"line":221,"column":7}},"98":{"start":{"line":173,"column":20},"end":{"line":173,"column":55}},"99":{"start":{"line":174,"column":30},"end":{"line":174,"column":58}},"100":{"start":{"line":177,"column":6},"end":{"line":180,"column":7}},"101":{"start":{"line":178,"column":8},"end":{"line":178,"column":40}},"102":{"start":{"line":179,"column":8},"end":{"line":179,"column":33}},"103":{"start":{"line":183,"column":18},"end":{"line":183,"column":52}},"104":{"start":{"line":186,"column":20},"end":{"line":186,"column":36}},"105":{"start":{"line":187,"column":6},"end":{"line":189,"column":7}},"106":{"start":{"line":188,"column":8},"end":{"line":188,"column":57}},"107":{"start":{"line":192,"column":6},"end":{"line":194,"column":7}},"108":{"start":{"line":193,"column":8},"end":{"line":193,"column":58}},"109":{"start":{"line":197,"column":6},"end":{"line":199,"column":7}},"110":{"start":{"line":198,"column":8},"end":{"line":198,"column":40}},"111":{"start":{"line":201,"column":6},"end":{"line":201,"column":25}},"112":{"start":{"line":203,"column":23},"end":{"line":203,"column":45}},"113":{"start":{"line":206,"column":6},"end":{"line":206,"column":32}},"114":{"start":{"line":209,"column":6},"end":{"line":216,"column":7}},"115":{"start":{"line":210,"column":8},"end":{"line":215,"column":17}},"116":{"start":{"line":211,"column":10},"end":{"line":211,"column":40}},"117":{"start":{"line":212,"column":10},"end":{"line":212,"column":36}},"118":{"start":{"line":213,"column":10},"end":{"line":213,"column":46}},"119":{"start":{"line":214,"column":10},"end":{"line":214,"column":28}},"120":{"start":{"line":219,"column":6},"end":{"line":219,"column":42}},"121":{"start":{"line":220,"column":6},"end":{"line":220,"column":24}},"122":{"start":{"line":224,"column":4},"end":{"line":229,"column":7}},"123":{"start":{"line":225,"column":6},"end":{"line":225,"column":32}},"124":{"start":{"line":226,"column":30},"end":{"line":226,"column":58}},"125":{"start":{"line":227,"column":6},"end":{"line":227,"column":42}},"126":{"start":{"line":228,"column":6},"end":{"line":228,"column":24}},"127":{"start":{"line":232,"column":4},"end":{"line":251,"column":7}},"128":{"start":{"line":233,"column":20},"end":{"line":233,"column":55}},"129":{"start":{"line":234,"column":20},"end":{"line":234,"column":47}},"130":{"start":{"line":237,"column":6},"end":{"line":244,"column":7}},"131":{"start":{"line":238,"column":8},"end":{"line":238,"column":25}},"132":{"start":{"line":239,"column":13},"end":{"line":244,"column":7}},"133":{"start":{"line":240,"column":8},"end":{"line":240,"column":38}},"134":{"start":{"line":241,"column":13},"end":{"line":244,"column":7}},"135":{"start":{"line":243,"column":8},"end":{"line":243,"column":38}},"136":{"start":{"line":246,"column":6},"end":{"line":246,"column":29}},"137":{"start":{"line":248,"column":30},"end":{"line":248,"column":58}},"138":{"start":{"line":249,"column":6},"end":{"line":249,"column":42}},"139":{"start":{"line":250,"column":6},"end":{"line":250,"column":24}},"140":{"start":{"line":256,"column":15},"end":{"line":256,"column":45}},"141":{"start":{"line":257,"column":2},"end":{"line":307,"column":3}},"142":{"start":{"line":258,"column":4},"end":{"line":306,"column":7}},"143":{"start":{"line":259,"column":6},"end":{"line":259,"column":25}},"144":{"start":{"line":261,"column":23},"end":{"line":261,"column":28}},"145":{"start":{"line":263,"column":6},"end":{"line":271,"column":9}},"146":{"start":{"line":264,"column":31},"end":{"line":264,"column":64}},"147":{"start":{"line":266,"column":8},"end":{"line":270,"column":9}},"148":{"start":{"line":267,"column":10},"end":{"line":269,"column":11}},"149":{"start":{"line":268,"column":12},"end":{"line":268,"column":30}},"150":{"start":{"line":273,"column":6},"end":{"line":281,"column":7}},"151":{"start":{"line":274,"column":8},"end":{"line":279,"column":11}},"152":{"start":{"line":280,"column":8},"end":{"line":280,"column":15}},"153":{"start":{"line":284,"column":6},"end":{"line":290,"column":9}},"154":{"start":{"line":285,"column":32},"end":{"line":285,"column":64}},"155":{"start":{"line":286,"column":22},"end":{"line":286,"column":77}},"156":{"start":{"line":287,"column":8},"end":{"line":289,"column":9}},"157":{"start":{"line":288,"column":10},"end":{"line":288,"column":28}},"158":{"start":{"line":292,"column":6},"end":{"line":305,"column":9}},"159":{"start":{"line":302,"column":8},"end":{"line":304,"column":9}},"160":{"start":{"line":303,"column":10},"end":{"line":303,"column":24}}},"fnMap":{"0":{"name":"(anonymous_0)","decl":{"start":{"line":1,"column":46},"end":{"line":1,"column":47}},"loc":{"start":{"line":1,"column":57},"end":{"line":308,"column":1}},"line":1},"1":{"name":"validarDescuento","decl":{"start":{"line":7,"column":11},"end":{"line":7,"column":27}},"loc":{"start":{"line":7,"column":35},"end":{"line":34,"column":3}},"line":7},"2":{"name":"validarEnTiempoReal","decl":{"start":{"line":37,"column":11},"end":{"line":37,"column":30}},"loc":{"start":{"line":37,"column":38},"end":{"line":73,"column":3}},"line":37},"3":{"name":"actualizarSubtotal","decl":{"start":{"line":76,"column":11},"end":{"line":76,"column":29}},"loc":{"start":{"line":76,"column":47},"end":{"line":92,"column":3}},"line":76},"4":{"name":"actualizarTotal","decl":{"start":{"line":95,"column":11},"end":{"line":95,"column":26}},"loc":{"start":{"line":95,"column":29},"end":{"line":110,"column":3}},"line":95},"5":{"name":"(anonymous_5)","decl":{"start":{"line":97,"column":32},"end":{"line":97,"column":33}},"loc":{"start":{"line":97,"column":44},"end":{"line":108,"column":5}},"line":97},"6":{"name":"(anonymous_6)","decl":{"start":{"line":113,"column":30},"end":{"line":113,"column":31}},"loc":{"start":{"line":113,"column":42},"end":{"line":140,"column":3}},"line":113},"7":{"name":"(anonymous_7)","decl":{"start":{"line":114,"column":40},"end":{"line":114,"column":41}},"loc":{"start":{"line":114,"column":51},"end":{"line":139,"column":5}},"line":114},"8":{"name":"(anonymous_8)","decl":{"start":{"line":143,"column":26},"end":{"line":143,"column":27}},"loc":{"start":{"line":143,"column":35},"end":{"line":253,"column":3}},"line":143},"9":{"name":"(anonymous_9)","decl":{"start":{"line":145,"column":38},"end":{"line":145,"column":39}},"loc":{"start":{"line":145,"column":50},"end":{"line":166,"column":5}},"line":145},"10":{"name":"(anonymous_10)","decl":{"start":{"line":172,"column":36},"end":{"line":172,"column":37}},"loc":{"start":{"line":172,"column":48},"end":{"line":221,"column":5}},"line":172},"11":{"name":"(anonymous_11)","decl":{"start":{"line":210,"column":39},"end":{"line":210,"column":40}},"loc":{"start":{"line":210,"column":45},"end":{"line":215,"column":9}},"line":210},"12":{"name":"(anonymous_12)","decl":{"start":{"line":224,"column":36},"end":{"line":224,"column":37}},"loc":{"start":{"line":224,"column":47},"end":{"line":229,"column":5}},"line":224},"13":{"name":"(anonymous_13)","decl":{"start":{"line":232,"column":35},"end":{"line":232,"column":36}},"loc":{"start":{"line":232,"column":46},"end":{"line":251,"column":5}},"line":232},"14":{"name":"(anonymous_14)","decl":{"start":{"line":258,"column":36},"end":{"line":258,"column":37}},"loc":{"start":{"line":258,"column":48},"end":{"line":306,"column":5}},"line":258},"15":{"name":"(anonymous_15)","decl":{"start":{"line":263,"column":30},"end":{"line":263,"column":31}},"loc":{"start":{"line":263,"column":39},"end":{"line":271,"column":7}},"line":263},"16":{"name":"(anonymous_16)","decl":{"start":{"line":284,"column":34},"end":{"line":284,"column":35}},"loc":{"start":{"line":284,"column":46},"end":{"line":290,"column":7}},"line":284},"17":{"name":"(anonymous_17)","decl":{"start":{"line":301,"column":14},"end":{"line":301,"column":15}},"loc":{"start":{"line":301,"column":26},"end":{"line":305,"column":7}},"line":301}},"branchMap":{"0":{"loc":{"start":{"line":10,"column":22},"end":{"line":10,"column":50}},"type":"binary-expr","locations":[{"start":{"line":10,"column":22},"end":{"line":10,"column":45}},{"start":{"line":10,"column":49},"end":{"line":10,"column":50}}],"line":10},"1":{"loc":{"start":{"line":13,"column":4},"end":{"line":13,"column":31}},"type":"if","locations":[{"start":{"line":13,"column":4},"end":{"line":13,"column":31}},{"start":{},"end":{}}],"line":13},"2":{"loc":{"start":{"line":19,"column":4},"end":{"line":24,"column":5}},"type":"if","locations":[{"start":{"line":19,"column":4},"end":{"line":24,"column":5}},{"start":{},"end":{}}],"line":19},"3":{"loc":{"start":{"line":26,"column":4},"end":{"line":31,"column":5}},"type":"if","locations":[{"start":{"line":26,"column":4},"end":{"line":31,"column":5}},{"start":{},"end":{}}],"line":26},"4":{"loc":{"start":{"line":38,"column":18},"end":{"line":38,"column":54}},"type":"binary-expr","locations":[{"start":{"line":38,"column":18},"end":{"line":38,"column":49}},{"start":{"line":38,"column":53},"end":{"line":38,"column":54}}],"line":38},"5":{"loc":{"start":{"line":42,"column":4},"end":{"line":42,"column":26}},"type":"if","locations":[{"start":{"line":42,"column":4},"end":{"line":42,"column":26}},{"start":{},"end":{}}],"line":42},"6":{"loc":{"start":{"line":47,"column":21},"end":{"line":47,"column":43}},"type":"binary-expr","locations":[{"start":{"line":47,"column":21},"end":{"line":47,"column":38}},{"start":{"line":47,"column":42},"end":{"line":47,"column":43}}],"line":47},"7":{"loc":{"start":{"line":50,"column":4},"end":{"line":66,"column":5}},"type":"if","locations":[{"start":{"line":50,"column":4},"end":{"line":66,"column":5}},{"start":{},"end":{}}],"line":50},"8":{"loc":{"start":{"line":50,"column":8},"end":{"line":50,"column":33}},"type":"binary-expr","locations":[{"start":{"line":50,"column":8},"end":{"line":50,"column":13}},{"start":{"line":50,"column":17},"end":{"line":50,"column":33}}],"line":50},"9":{"loc":{"start":{"line":51,"column":6},"end":{"line":65,"column":7}},"type":"if","locations":[{"start":{"line":51,"column":6},"end":{"line":65,"column":7}},{"start":{"line":59,"column":13},"end":{"line":65,"column":7}}],"line":51},"10":{"loc":{"start":{"line":59,"column":13},"end":{"line":65,"column":7}},"type":"if","locations":[{"start":{"line":59,"column":13},"end":{"line":65,"column":7}},{"start":{},"end":{}}],"line":59},"11":{"loc":{"start":{"line":81,"column":4},"end":{"line":81,"column":43}},"type":"if","locations":[{"start":{"line":81,"column":4},"end":{"line":81,"column":43}},{"start":{},"end":{}}],"line":81},"12":{"loc":{"start":{"line":81,"column":8},"end":{"line":81,"column":34}},"type":"binary-expr","locations":[{"start":{"line":81,"column":8},"end":{"line":81,"column":14}},{"start":{"line":81,"column":18},"end":{"line":81,"column":34}}],"line":81},"13":{"loc":{"start":{"line":86,"column":4},"end":{"line":88,"column":5}},"type":"if","locations":[{"start":{"line":86,"column":4},"end":{"line":88,"column":5}},{"start":{},"end":{}}],"line":86},"14":{"loc":{"start":{"line":86,"column":8},"end":{"line":86,"column":36}},"type":"binary-expr","locations":[{"start":{"line":86,"column":8},"end":{"line":86,"column":16}},{"start":{"line":86,"column":20},"end":{"line":86,"column":36}}],"line":86},"15":{"loc":{"start":{"line":87,"column":18},"end":{"line":87,"column":46}},"type":"binary-expr","locations":[{"start":{"line":87,"column":18},"end":{"line":87,"column":41}},{"start":{"line":87,"column":45},"end":{"line":87,"column":46}}],"line":87},"16":{"loc":{"start":{"line":103,"column":6},"end":{"line":105,"column":7}},"type":"if","locations":[{"start":{"line":103,"column":6},"end":{"line":105,"column":7}},{"start":{},"end":{}}],"line":103},"17":{"loc":{"start":{"line":103,"column":10},"end":{"line":103,"column":35}},"type":"binary-expr","locations":[{"start":{"line":103,"column":10},"end":{"line":103,"column":26}},{"start":{"line":103,"column":30},"end":{"line":103,"column":35}}],"line":103},"18":{"loc":{"start":{"line":104,"column":20},"end":{"line":104,"column":48}},"type":"binary-expr","locations":[{"start":{"line":104,"column":20},"end":{"line":104,"column":43}},{"start":{"line":104,"column":47},"end":{"line":104,"column":48}}],"line":104},"19":{"loc":{"start":{"line":120,"column":6},"end":{"line":138,"column":7}},"type":"if","locations":[{"start":{"line":120,"column":6},"end":{"line":138,"column":7}},{"start":{"line":125,"column":13},"end":{"line":138,"column":7}}],"line":120},"20":{"loc":{"start":{"line":122,"column":8},"end":{"line":124,"column":9}},"type":"if","locations":[{"start":{"line":122,"column":8},"end":{"line":124,"column":9}},{"start":{},"end":{}}],"line":122},"21":{"loc":{"start":{"line":127,"column":8},"end":{"line":129,"column":9}},"type":"if","locations":[{"start":{"line":127,"column":8},"end":{"line":129,"column":9}},{"start":{},"end":{}}],"line":127},"22":{"loc":{"start":{"line":130,"column":8},"end":{"line":132,"column":9}},"type":"if","locations":[{"start":{"line":130,"column":8},"end":{"line":132,"column":9}},{"start":{},"end":{}}],"line":130},"23":{"loc":{"start":{"line":133,"column":8},"end":{"line":135,"column":9}},"type":"if","locations":[{"start":{"line":133,"column":8},"end":{"line":135,"column":9}},{"start":{},"end":{}}],"line":133},"24":{"loc":{"start":{"line":154,"column":6},"end":{"line":156,"column":7}},"type":"if","locations":[{"start":{"line":154,"column":6},"end":{"line":156,"column":7}},{"start":{},"end":{}}],"line":154},"25":{"loc":{"start":{"line":154,"column":10},"end":{"line":154,"column":88}},"type":"binary-expr","locations":[{"start":{"line":154,"column":11},"end":{"line":154,"column":20}},{"start":{"line":154,"column":24},"end":{"line":154,"column":33}},{"start":{"line":154,"column":38},"end":{"line":154,"column":88}}],"line":154},"26":{"loc":{"start":{"line":159,"column":6},"end":{"line":163,"column":7}},"type":"if","locations":[{"start":{"line":159,"column":6},"end":{"line":163,"column":7}},{"start":{},"end":{}}],"line":159},"27":{"loc":{"start":{"line":159,"column":10},"end":{"line":161,"column":54}},"type":"binary-expr","locations":[{"start":{"line":159,"column":10},"end":{"line":159,"column":37}},{"start":{"line":160,"column":11},"end":{"line":160,"column":23}},{"start":{"line":160,"column":27},"end":{"line":160,"column":39}},{"start":{"line":161,"column":11},"end":{"line":161,"column":24}},{"start":{"line":161,"column":28},"end":{"line":161,"column":53}}],"line":159},"28":{"loc":{"start":{"line":173,"column":20},"end":{"line":173,"column":55}},"type":"binary-expr","locations":[{"start":{"line":173,"column":20},"end":{"line":173,"column":50}},{"start":{"line":173,"column":54},"end":{"line":173,"column":55}}],"line":173},"29":{"loc":{"start":{"line":177,"column":6},"end":{"line":180,"column":7}},"type":"if","locations":[{"start":{"line":177,"column":6},"end":{"line":180,"column":7}},{"start":{},"end":{}}],"line":177},"30":{"loc":{"start":{"line":187,"column":6},"end":{"line":189,"column":7}},"type":"if","locations":[{"start":{"line":187,"column":6},"end":{"line":189,"column":7}},{"start":{},"end":{}}],"line":187},"31":{"loc":{"start":{"line":192,"column":6},"end":{"line":194,"column":7}},"type":"if","locations":[{"start":{"line":192,"column":6},"end":{"line":194,"column":7}},{"start":{},"end":{}}],"line":192},"32":{"loc":{"start":{"line":192,"column":10},"end":{"line":192,"column":51}},"type":"binary-expr","locations":[{"start":{"line":192,"column":10},"end":{"line":192,"column":28}},{"start":{"line":192,"column":32},"end":{"line":192,"column":51}}],"line":192},"33":{"loc":{"start":{"line":197,"column":6},"end":{"line":199,"column":7}},"type":"if","locations":[{"start":{"line":197,"column":6},"end":{"line":199,"column":7}},{"start":{},"end":{}}],"line":197},"34":{"loc":{"start":{"line":203,"column":23},"end":{"line":203,"column":45}},"type":"binary-expr","locations":[{"start":{"line":203,"column":23},"end":{"line":203,"column":40}},{"start":{"line":203,"column":44},"end":{"line":203,"column":45}}],"line":203},"35":{"loc":{"start":{"line":209,"column":6},"end":{"line":216,"column":7}},"type":"if","locations":[{"start":{"line":209,"column":6},"end":{"line":216,"column":7}},{"start":{},"end":{}}],"line":209},"36":{"loc":{"start":{"line":233,"column":20},"end":{"line":233,"column":55}},"type":"binary-expr","locations":[{"start":{"line":233,"column":20},"end":{"line":233,"column":50}},{"start":{"line":233,"column":54},"end":{"line":233,"column":55}}],"line":233},"37":{"loc":{"start":{"line":234,"column":20},"end":{"line":234,"column":47}},"type":"binary-expr","locations":[{"start":{"line":234,"column":20},"end":{"line":234,"column":42}},{"start":{"line":234,"column":46},"end":{"line":234,"column":47}}],"line":234},"38":{"loc":{"start":{"line":237,"column":6},"end":{"line":244,"column":7}},"type":"if","locations":[{"start":{"line":237,"column":6},"end":{"line":244,"column":7}},{"start":{"line":239,"column":13},"end":{"line":244,"column":7}}],"line":237},"39":{"loc":{"start":{"line":239,"column":13},"end":{"line":244,"column":7}},"type":"if","locations":[{"start":{"line":239,"column":13},"end":{"line":244,"column":7}},{"start":{"line":241,"column":13},"end":{"line":244,"column":7}}],"line":239},"40":{"loc":{"start":{"line":241,"column":13},"end":{"line":244,"column":7}},"type":"if","locations":[{"start":{"line":241,"column":13},"end":{"line":244,"column":7}},{"start":{},"end":{}}],"line":241},"41":{"loc":{"start":{"line":241,"column":17},"end":{"line":241,"column":44}},"type":"binary-expr","locations":[{"start":{"line":241,"column":17},"end":{"line":241,"column":27}},{"start":{"line":241,"column":31},"end":{"line":241,"column":44}}],"line":241},"42":{"loc":{"start":{"line":257,"column":2},"end":{"line":307,"column":3}},"type":"if","locations":[{"start":{"line":257,"column":2},"end":{"line":307,"column":3}},{"start":{},"end":{}}],"line":257},"43":{"loc":{"start":{"line":266,"column":8},"end":{"line":270,"column":9}},"type":"if","locations":[{"start":{"line":266,"column":8},"end":{"line":270,"column":9}},{"start":{},"end":{}}],"line":266},"44":{"loc":{"start":{"line":266,"column":12},"end":{"line":266,"column":69}},"type":"binary-expr","locations":[{"start":{"line":266,"column":12},"end":{"line":266,"column":26}},{"start":{"line":266,"column":30},"end":{"line":266,"column":69}}],"line":266},"45":{"loc":{"start":{"line":267,"column":10},"end":{"line":269,"column":11}},"type":"if","locations":[{"start":{"line":267,"column":10},"end":{"line":269,"column":11}},{"start":{},"end":{}}],"line":267},"46":{"loc":{"start":{"line":273,"column":6},"end":{"line":281,"column":7}},"type":"if","locations":[{"start":{"line":273,"column":6},"end":{"line":281,"column":7}},{"start":{},"end":{}}],"line":273},"47":{"loc":{"start":{"line":287,"column":8},"end":{"line":289,"column":9}},"type":"if","locations":[{"start":{"line":287,"column":8},"end":{"line":289,"column":9}},{"start":{},"end":{}}],"line":287},"48":{"loc":{"start":{"line":287,"column":12},"end":{"line":287,"column":38}},"type":"binary-expr","locations":[{"start":{"line":287,"column":12},"end":{"line":287,"column":29}},{"start":{"line":287,"column":33},"end":{"line":287,"column":38}}],"line":287},"49":{"loc":{"start":{"line":302,"column":8},"end":{"line":304,"column":9}},"type":"if","locations":[{"start":{"line":302,"column":8},"end":{"line":304,"column":9}},{"start":{},"end":{}}],"line":302}},"s":{"0":1,"1":14,"2":14,"3":14,"4":2,"5":2,"6":2,"7":2,"8":2,"9":0,"10":2,"11":2,"12":2,"13":2,"14":0,"15":0,"16":0,"17":0,"18":2,"19":0,"20":0,"21":0,"22":0,"23":2,"24":8,"25":8,"26":8,"27":8,"28":0,"29":8,"30":8,"31":8,"32":8,"33":8,"34":2,"35":2,"36":2,"37":2,"38":2,"39":6,"40":0,"41":0,"42":0,"43":0,"44":6,"45":6,"46":6,"47":6,"48":11,"49":11,"50":11,"51":11,"52":0,"53":11,"54":11,"55":11,"56":2,"57":11,"58":11,"59":11,"60":11,"61":11,"62":11,"63":11,"64":11,"65":11,"66":2,"67":11,"68":11,"69":14,"70":14,"71":2,"72":2,"73":2,"74":2,"75":2,"76":1,"77":1,"78":1,"79":1,"80":1,"81":1,"82":1,"83":1,"84":1,"85":1,"86":1,"87":1,"88":14,"89":14,"90":0,"91":0,"92":0,"93":0,"94":0,"95":0,"96":14,"97":14,"98":8,"99":8,"100":8,"101":0,"102":0,"103":8,"104":8,"105":8,"106":1,"107":8,"108":1,"109":8,"110":0,"111":8,"112":8,"113":8,"114":8,"115":2,"116":0,"117":0,"118":0,"119":0,"120":8,"121":8,"122":14,"123":0,"124":0,"125":0,"126":0,"127":14,"128":2,"129":2,"130":2,"131":0,"132":2,"133":1,"134":1,"135":1,"136":2,"137":2,"138":2,"139":2,"140":14,"141":14,"142":14,"143":2,"144":2,"145":2,"146":2,"147":2,"148":0,"149":0,"150":2,"151":0,"152":0,"153":2,"154":2,"155":2,"156":2,"157":2,"158":2,"159":2,"160":2},"f":{"0":14,"1":2,"2":8,"3":11,"4":11,"5":11,"6":14,"7":2,"8":14,"9":0,"10":8,"11":0,"12":0,"13":2,"14":2,"15":2,"16":2,"17":2},"b":{"0":[2,0],"1":[0,2],"2":[0,2],"3":[0,2],"4":[8,0],"5":[0,8],"6":[8,0],"7":[8,0],"8":[8,8],"9":[2,6],"10":[0,6],"11":[0,11],"12":[11,11],"13":[2,9],"14":[11,11],"15":[2,0],"16":[2,9],"17":[11,2],"18":[2,0],"19":[1,1],"20":[1,0],"21":[1,0],"22":[1,0],"23":[1,0],"24":[0,0],"25":[0,0,0],"26":[0,0],"27":[0,0,0,0,0],"28":[8,0],"29":[0,8],"30":[1,7],"31":[1,7],"32":[8,1],"33":[0,8],"34":[8,0],"35":[2,6],"36":[2,0],"37":[2,0],"38":[0,2],"39":[1,1],"40":[1,0],"41":[1,1],"42":[14,0],"43":[0,2],"44":[2,2],"45":[0,0],"46":[0,2],"47":[2,0],"48":[2,2],"49":[2,0]},"_coverageSchema":"1a1c01bbd47fc00a2c39e90264f33305004495a9","hash":"4d6c26907d17fa5d44f9d391dcd1d38cd3623936"}
,"C:\\Users\\Dell\\Desktop\\ClinicaWeb\\ClinicaWeb\\JyGDreams\\static\\JyGDreams\\validando_agregarpx.js": {"path":"C:\\Users\\Dell\\Desktop\\ClinicaWeb\\ClinicaWeb\\JyGDreams\\static\\JyGDreams\\validando_agregarpx.js","statementMap":{"0":{"start":{"line":2,"column":21},"end":{"line":2,"column":46}},"1":{"start":{"line":3,"column":13},"end":{"line":3,"column":57}},"2":{"start":{"line":4,"column":14},"end":{"line":4,"column":52}},"3":{"start":{"line":6,"column":2},"end":{"line":8,"column":3}},"4":{"start":{"line":7,"column":4},"end":{"line":7,"column":11}},"5":{"start":{"line":10,"column":2},"end":{"line":10,"column":14}},"6":{"start":{"line":13,"column":2},"end":{"line":13,"column":36}},"7":{"start":{"line":16,"column":0},"end":{"line":204,"column":3}},"8":{"start":{"line":17,"column":22},"end":{"line":17,"column":68}},"9":{"start":{"line":18,"column":24},"end":{"line":18,"column":72}},"10":{"start":{"line":19,"column":25},"end":{"line":19,"column":74}},"11":{"start":{"line":20,"column":24},"end":{"line":20,"column":72}},"12":{"start":{"line":21,"column":21},"end":{"line":21,"column":77}},"13":{"start":{"line":22,"column":15},"end":{"line":22,"column":45}},"14":{"start":{"line":24,"column":30},"end":{"line":24,"column":56}},"15":{"start":{"line":25,"column":22},"end":{"line":25,"column":27}},"16":{"start":{"line":28,"column":16},"end":{"line":28,"column":26}},"17":{"start":{"line":29,"column":23},"end":{"line":29,"column":48}},"18":{"start":{"line":30,"column":15},"end":{"line":30,"column":59}},"19":{"start":{"line":31,"column":16},"end":{"line":31,"column":54}},"20":{"start":{"line":32,"column":4},"end":{"line":34,"column":5}},"21":{"start":{"line":33,"column":6},"end":{"line":33,"column":13}},"22":{"start":{"line":35,"column":4},"end":{"line":35,"column":16}},"23":{"start":{"line":39,"column":4},"end":{"line":39,"column":23}},"24":{"start":{"line":39,"column":16},"end":{"line":39,"column":23}},"25":{"start":{"line":40,"column":4},"end":{"line":60,"column":7}},"26":{"start":{"line":41,"column":28},"end":{"line":41,"column":38}},"27":{"start":{"line":42,"column":6},"end":{"line":58,"column":7}},"28":{"start":{"line":44,"column":24},"end":{"line":44,"column":100}},"29":{"start":{"line":45,"column":8},"end":{"line":57,"column":9}},"30":{"start":{"line":46,"column":10},"end":{"line":54,"column":13}},"31":{"start":{"line":56,"column":10},"end":{"line":56,"column":25}},"32":{"start":{"line":59,"column":6},"end":{"line":59,"column":63}},"33":{"start":{"line":64,"column":4},"end":{"line":64,"column":23}},"34":{"start":{"line":64,"column":16},"end":{"line":64,"column":23}},"35":{"start":{"line":65,"column":4},"end":{"line":86,"column":7}},"36":{"start":{"line":66,"column":28},"end":{"line":66,"column":38}},"37":{"start":{"line":67,"column":6},"end":{"line":83,"column":7}},"38":{"start":{"line":69,"column":24},"end":{"line":69,"column":99}},"39":{"start":{"line":70,"column":8},"end":{"line":82,"column":9}},"40":{"start":{"line":71,"column":10},"end":{"line":79,"column":13}},"41":{"start":{"line":81,"column":10},"end":{"line":81,"column":25}},"42":{"start":{"line":84,"column":6},"end":{"line":84,"column":55}},"43":{"start":{"line":85,"column":6},"end":{"line":85,"column":42}},"44":{"start":{"line":90,"column":4},"end":{"line":90,"column":23}},"45":{"start":{"line":90,"column":16},"end":{"line":90,"column":23}},"46":{"start":{"line":91,"column":4},"end":{"line":134,"column":7}},"47":{"start":{"line":92,"column":20},"end":{"line":92,"column":30}},"48":{"start":{"line":93,"column":6},"end":{"line":93,"column":25}},"49":{"start":{"line":93,"column":18},"end":{"line":93,"column":25}},"50":{"start":{"line":94,"column":25},"end":{"line":94,"column":40}},"51":{"start":{"line":95,"column":18},"end":{"line":95,"column":28}},"52":{"start":{"line":96,"column":6},"end":{"line":96,"column":31}},"53":{"start":{"line":97,"column":6},"end":{"line":97,"column":38}},"54":{"start":{"line":98,"column":6},"end":{"line":115,"column":7}},"55":{"start":{"line":99,"column":24},"end":{"line":99,"column":69}},"56":{"start":{"line":100,"column":8},"end":{"line":112,"column":9}},"57":{"start":{"line":101,"column":10},"end":{"line":109,"column":13}},"58":{"start":{"line":111,"column":10},"end":{"line":111,"column":25}},"59":{"start":{"line":113,"column":8},"end":{"line":113,"column":24}},"60":{"start":{"line":114,"column":8},"end":{"line":114,"column":15}},"61":{"start":{"line":116,"column":19},"end":{"line":116,"column":38}},"62":{"start":{"line":117,"column":6},"end":{"line":133,"column":7}},"63":{"start":{"line":118,"column":24},"end":{"line":118,"column":67}},"64":{"start":{"line":119,"column":8},"end":{"line":131,"column":9}},"65":{"start":{"line":120,"column":10},"end":{"line":128,"column":13}},"66":{"start":{"line":130,"column":10},"end":{"line":130,"column":25}},"67":{"start":{"line":132,"column":8},"end":{"line":132,"column":24}},"68":{"start":{"line":137,"column":2},"end":{"line":137,"column":47}},"69":{"start":{"line":138,"column":2},"end":{"line":138,"column":51}},"70":{"start":{"line":139,"column":2},"end":{"line":139,"column":53}},"71":{"start":{"line":140,"column":2},"end":{"line":140,"column":52}},"72":{"start":{"line":141,"column":2},"end":{"line":141,"column":37}},"73":{"start":{"line":143,"column":2},"end":{"line":203,"column":3}},"74":{"start":{"line":144,"column":4},"end":{"line":202,"column":7}},"75":{"start":{"line":145,"column":21},"end":{"line":145,"column":52}},"76":{"start":{"line":146,"column":23},"end":{"line":146,"column":56}},"77":{"start":{"line":147,"column":24},"end":{"line":147,"column":58}},"78":{"start":{"line":148,"column":23},"end":{"line":148,"column":56}},"79":{"start":{"line":149,"column":20},"end":{"line":149,"column":43}},"80":{"start":{"line":151,"column":25},"end":{"line":151,"column":27}},"81":{"start":{"line":152,"column":6},"end":{"line":154,"column":7}},"82":{"start":{"line":153,"column":8},"end":{"line":153,"column":85}},"83":{"start":{"line":155,"column":6},"end":{"line":157,"column":7}},"84":{"start":{"line":156,"column":8},"end":{"line":156,"column":87}},"85":{"start":{"line":158,"column":6},"end":{"line":160,"column":7}},"86":{"start":{"line":159,"column":8},"end":{"line":159,"column":88}},"87":{"start":{"line":161,"column":6},"end":{"line":163,"column":7}},"88":{"start":{"line":162,"column":8},"end":{"line":162,"column":86}},"89":{"start":{"line":164,"column":6},"end":{"line":174,"column":7}},"90":{"start":{"line":165,"column":27},"end":{"line":165,"column":42}},"91":{"start":{"line":166,"column":20},"end":{"line":166,"column":30}},"92":{"start":{"line":167,"column":8},"end":{"line":167,"column":33}},"93":{"start":{"line":168,"column":8},"end":{"line":168,"column":40}},"94":{"start":{"line":169,"column":8},"end":{"line":173,"column":9}},"95":{"start":{"line":170,"column":10},"end":{"line":170,"column":73}},"96":{"start":{"line":171,"column":15},"end":{"line":173,"column":9}},"97":{"start":{"line":172,"column":10},"end":{"line":172,"column":71}},"98":{"start":{"line":176,"column":6},"end":{"line":201,"column":7}},"99":{"start":{"line":177,"column":8},"end":{"line":177,"column":27}},"100":{"start":{"line":178,"column":8},"end":{"line":187,"column":9}},"101":{"start":{"line":179,"column":10},"end":{"line":184,"column":13}},"102":{"start":{"line":186,"column":10},"end":{"line":186,"column":37}},"103":{"start":{"line":190,"column":8},"end":{"line":200,"column":9}},"104":{"start":{"line":191,"column":10},"end":{"line":191,"column":30}},"105":{"start":{"line":192,"column":15},"end":{"line":200,"column":9}},"106":{"start":{"line":193,"column":10},"end":{"line":193,"column":32}},"107":{"start":{"line":194,"column":15},"end":{"line":200,"column":9}},"108":{"start":{"line":195,"column":10},"end":{"line":195,"column":33}},"109":{"start":{"line":196,"column":15},"end":{"line":200,"column":9}},"110":{"start":{"line":197,"column":10},"end":{"line":197,"column":32}},"111":{"start":{"line":198,"column":15},"end":{"line":200,"column":9}},"112":{"start":{"line":199,"column":10},"end":{"line":199,"column":29}}},"fnMap":{"0":{"name":"calcularEdad","decl":{"start":{"line":1,"column":9},"end":{"line":1,"column":21}},"loc":{"start":{"line":1,"column":57},"end":{"line":11,"column":1}},"line":1},"1":{"name":"(anonymous_1)","decl":{"start":{"line":16,"column":46},"end":{"line":16,"column":47}},"loc":{"start":{"line":16,"column":58},"end":{"line":204,"column":1}},"line":16},"2":{"name":"calcularEdad","decl":{"start":{"line":27,"column":11},"end":{"line":27,"column":23}},"loc":{"start":{"line":27,"column":41},"end":{"line":36,"column":3}},"line":27},"3":{"name":"normalizarCampoLetras","decl":{"start":{"line":38,"column":11},"end":{"line":38,"column":32}},"loc":{"start":{"line":38,"column":53},"end":{"line":61,"column":3}},"line":38},"4":{"name":"(anonymous_4)","decl":{"start":{"line":40,"column":36},"end":{"line":40,"column":37}},"loc":{"start":{"line":40,"column":48},"end":{"line":60,"column":5}},"line":40},"5":{"name":"normalizarCampoNumeros","decl":{"start":{"line":63,"column":11},"end":{"line":63,"column":33}},"loc":{"start":{"line":63,"column":54},"end":{"line":87,"column":3}},"line":63},"6":{"name":"(anonymous_6)","decl":{"start":{"line":65,"column":36},"end":{"line":65,"column":37}},"loc":{"start":{"line":65,"column":48},"end":{"line":86,"column":5}},"line":65},"7":{"name":"validarFechaNacimiento","decl":{"start":{"line":89,"column":11},"end":{"line":89,"column":33}},"loc":{"start":{"line":89,"column":41},"end":{"line":135,"column":3}},"line":89},"8":{"name":"(anonymous_8)","decl":{"start":{"line":91,"column":37},"end":{"line":91,"column":38}},"loc":{"start":{"line":91,"column":49},"end":{"line":134,"column":5}},"line":91},"9":{"name":"(anonymous_9)","decl":{"start":{"line":144,"column":36},"end":{"line":144,"column":37}},"loc":{"start":{"line":144,"column":49},"end":{"line":202,"column":5}},"line":144}},"branchMap":{"0":{"loc":{"start":{"line":1,"column":39},"end":{"line":1,"column":55}},"type":"default-arg","locations":[{"start":{"line":1,"column":45},"end":{"line":1,"column":55}}],"line":1},"1":{"loc":{"start":{"line":6,"column":2},"end":{"line":8,"column":3}},"type":"if","locations":[{"start":{"line":6,"column":2},"end":{"line":8,"column":3}},{"start":{},"end":{}}],"line":6},"2":{"loc":{"start":{"line":6,"column":6},"end":{"line":6,"column":68}},"type":"binary-expr","locations":[{"start":{"line":6,"column":6},"end":{"line":6,"column":13}},{"start":{"line":6,"column":18},"end":{"line":6,"column":27}},{"start":{"line":6,"column":31},"end":{"line":6,"column":67}}],"line":6},"3":{"loc":{"start":{"line":32,"column":4},"end":{"line":34,"column":5}},"type":"if","locations":[{"start":{"line":32,"column":4},"end":{"line":34,"column":5}},{"start":{},"end":{}}],"line":32},"4":{"loc":{"start":{"line":32,"column":8},"end":{"line":32,"column":70}},"type":"binary-expr","locations":[{"start":{"line":32,"column":8},"end":{"line":32,"column":15}},{"start":{"line":32,"column":20},"end":{"line":32,"column":29}},{"start":{"line":32,"column":33},"end":{"line":32,"column":69}}],"line":32},"5":{"loc":{"start":{"line":39,"column":4},"end":{"line":39,"column":23}},"type":"if","locations":[{"start":{"line":39,"column":4},"end":{"line":39,"column":23}},{"start":{},"end":{}}],"line":39},"6":{"loc":{"start":{"line":42,"column":6},"end":{"line":58,"column":7}},"type":"if","locations":[{"start":{"line":42,"column":6},"end":{"line":58,"column":7}},{"start":{},"end":{}}],"line":42},"7":{"loc":{"start":{"line":45,"column":8},"end":{"line":57,"column":9}},"type":"if","locations":[{"start":{"line":45,"column":8},"end":{"line":57,"column":9}},{"start":{"line":55,"column":15},"end":{"line":57,"column":9}}],"line":45},"8":{"loc":{"start":{"line":64,"column":4},"end":{"line":64,"column":23}},"type":"if","locations":[{"start":{"line":64,"column":4},"end":{"line":64,"column":23}},{"start":{},"end":{}}],"line":64},"9":{"loc":{"start":{"line":67,"column":6},"end":{"line":83,"column":7}},"type":"if","locations":[{"start":{"line":67,"column":6},"end":{"line":83,"column":7}},{"start":{},"end":{}}],"line":67},"10":{"loc":{"start":{"line":70,"column":8},"end":{"line":82,"column":9}},"type":"if","locations":[{"start":{"line":70,"column":8},"end":{"line":82,"column":9}},{"start":{"line":80,"column":15},"end":{"line":82,"column":9}}],"line":70},"11":{"loc":{"start":{"line":90,"column":4},"end":{"line":90,"column":23}},"type":"if","locations":[{"start":{"line":90,"column":4},"end":{"line":90,"column":23}},{"start":{},"end":{}}],"line":90},"12":{"loc":{"start":{"line":93,"column":6},"end":{"line":93,"column":25}},"type":"if","locations":[{"start":{"line":93,"column":6},"end":{"line":93,"column":25}},{"start":{},"end":{}}],"line":93},"13":{"loc":{"start":{"line":98,"column":6},"end":{"line":115,"column":7}},"type":"if","locations":[{"start":{"line":98,"column":6},"end":{"line":115,"column":7}},{"start":{},"end":{}}],"line":98},"14":{"loc":{"start":{"line":100,"column":8},"end":{"line":112,"column":9}},"type":"if","locations":[{"start":{"line":100,"column":8},"end":{"line":112,"column":9}},{"start":{"line":110,"column":15},"end":{"line":112,"column":9}}],"line":100},"15":{"loc":{"start":{"line":117,"column":6},"end":{"line":133,"column":7}},"type":"if","locations":[{"start":{"line":117,"column":6},"end":{"line":133,"column":7}},{"start":{},"end":{}}],"line":117},"16":{"loc":{"start":{"line":119,"column":8},"end":{"line":131,"column":9}},"type":"if","locations":[{"start":{"line":119,"column":8},"end":{"line":131,"column":9}},{"start":{"line":129,"column":15},"end":{"line":131,"column":9}}],"line":119},"17":{"loc":{"start":{"line":143,"column":2},"end":{"line":203,"column":3}},"type":"if","locations":[{"start":{"line":143,"column":2},"end":{"line":203,"column":3}},{"start":{},"end":{}}],"line":143},"18":{"loc":{"start":{"line":145,"column":21},"end":{"line":145,"column":52}},"type":"binary-expr","locations":[{"start":{"line":145,"column":21},"end":{"line":145,"column":46}},{"start":{"line":145,"column":50},"end":{"line":145,"column":52}}],"line":145},"19":{"loc":{"start":{"line":146,"column":23},"end":{"line":146,"column":56}},"type":"binary-expr","locations":[{"start":{"line":146,"column":23},"end":{"line":146,"column":50}},{"start":{"line":146,"column":54},"end":{"line":146,"column":56}}],"line":146},"20":{"loc":{"start":{"line":147,"column":24},"end":{"line":147,"column":58}},"type":"binary-expr","locations":[{"start":{"line":147,"column":24},"end":{"line":147,"column":52}},{"start":{"line":147,"column":56},"end":{"line":147,"column":58}}],"line":147},"21":{"loc":{"start":{"line":148,"column":23},"end":{"line":148,"column":56}},"type":"binary-expr","locations":[{"start":{"line":148,"column":23},"end":{"line":148,"column":50}},{"start":{"line":148,"column":54},"end":{"line":148,"column":56}}],"line":148},"22":{"loc":{"start":{"line":149,"column":20},"end":{"line":149,"column":43}},"type":"binary-expr","locations":[{"start":{"line":149,"column":20},"end":{"line":149,"column":37}},{"start":{"line":149,"column":41},"end":{"line":149,"column":43}}],"line":149},"23":{"loc":{"start":{"line":152,"column":6},"end":{"line":154,"column":7}},"type":"if","locations":[{"start":{"line":152,"column":6},"end":{"line":154,"column":7}},{"start":{},"end":{}}],"line":152},"24":{"loc":{"start":{"line":155,"column":6},"end":{"line":157,"column":7}},"type":"if","locations":[{"start":{"line":155,"column":6},"end":{"line":157,"column":7}},{"start":{},"end":{}}],"line":155},"25":{"loc":{"start":{"line":158,"column":6},"end":{"line":160,"column":7}},"type":"if","locations":[{"start":{"line":158,"column":6},"end":{"line":160,"column":7}},{"start":{},"end":{}}],"line":158},"26":{"loc":{"start":{"line":161,"column":6},"end":{"line":163,"column":7}},"type":"if","locations":[{"start":{"line":161,"column":6},"end":{"line":163,"column":7}},{"start":{},"end":{}}],"line":161},"27":{"loc":{"start":{"line":164,"column":6},"end":{"line":174,"column":7}},"type":"if","locations":[{"start":{"line":164,"column":6},"end":{"line":174,"column":7}},{"start":{},"end":{}}],"line":164},"28":{"loc":{"start":{"line":169,"column":8},"end":{"line":173,"column":9}},"type":"if","locations":[{"start":{"line":169,"column":8},"end":{"line":173,"column":9}},{"start":{"line":171,"column":15},"end":{"line":173,"column":9}}],"line":169},"29":{"loc":{"start":{"line":171,"column":15},"end":{"line":173,"column":9}},"type":"if","locations":[{"start":{"line":171,"column":15},"end":{"line":173,"column":9}},{"start":{},"end":{}}],"line":171},"30":{"loc":{"start":{"line":176,"column":6},"end":{"line":201,"column":7}},"type":"if","locations":[{"start":{"line":176,"column":6},"end":{"line":201,"column":7}},{"start":{},"end":{}}],"line":176},"31":{"loc":{"start":{"line":178,"column":8},"end":{"line":187,"column":9}},"type":"if","locations":[{"start":{"line":178,"column":8},"end":{"line":187,"column":9}},{"start":{"line":185,"column":15},"end":{"line":187,"column":9}}],"line":178},"32":{"loc":{"start":{"line":190,"column":8},"end":{"line":200,"column":9}},"type":"if","locations":[{"start":{"line":190,"column":8},"end":{"line":200,"column":9}},{"start":{"line":192,"column":15},"end":{"line":200,"column":9}}],"line":190},"33":{"loc":{"start":{"line":192,"column":15},"end":{"line":200,"column":9}},"type":"if","locations":[{"start":{"line":192,"column":15},"end":{"line":200,"column":9}},{"start":{"line":194,"column":15},"end":{"line":200,"column":9}}],"line":192},"34":{"loc":{"start":{"line":194,"column":15},"end":{"line":200,"column":9}},"type":"if","locations":[{"start":{"line":194,"column":15},"end":{"line":200,"column":9}},{"start":{"line":196,"column":15},"end":{"line":200,"column":9}}],"line":194},"35":{"loc":{"start":{"line":196,"column":15},"end":{"line":200,"column":9}},"type":"if","locations":[{"start":{"line":196,"column":15},"end":{"line":200,"column":9}},{"start":{"line":198,"column":15},"end":{"line":200,"column":9}}],"line":196},"36":{"loc":{"start":{"line":198,"column":15},"end":{"line":200,"column":9}},"type":"if","locations":[{"start":{"line":198,"column":15},"end":{"line":200,"column":9}},{"start":{},"end":{}}],"line":198},"37":{"loc":{"start":{"line":198,"column":19},"end":{"line":198,"column":86}},"type":"binary-expr","locations":[{"start":{"line":198,"column":19},"end":{"line":198,"column":24}},{"start":{"line":198,"column":29},"end":{"line":198,"column":57}},{"start":{"line":198,"column":61},"end":{"line":198,"column":85}}],"line":198}},"s":{"0":1,"1":1,"2":1,"3":1,"4":0,"5":1,"6":1,"7":1,"8":6,"9":6,"10":6,"11":6,"12":6,"13":6,"14":6,"15":6,"16":2,"17":2,"18":2,"19":2,"20":2,"21":0,"22":2,"23":18,"24":0,"25":18,"26":1,"27":1,"28":1,"29":1,"30":0,"31":1,"32":1,"33":6,"34":0,"35":6,"36":1,"37":1,"38":1,"39":1,"40":0,"41":1,"42":1,"43":1,"44":6,"45":0,"46":6,"47":3,"48":3,"49":0,"50":3,"51":3,"52":3,"53":3,"54":3,"55":1,"56":1,"57":0,"58":1,"59":1,"60":1,"61":2,"62":2,"63":1,"64":1,"65":0,"66":1,"67":1,"68":6,"69":6,"70":6,"71":6,"72":6,"73":6,"74":6,"75":0,"76":0,"77":0,"78":0,"79":0,"80":0,"81":0,"82":0,"83":0,"84":0,"85":0,"86":0,"87":0,"88":0,"89":0,"90":0,"91":0,"92":0,"93":0,"94":0,"95":0,"96":0,"97":0,"98":0,"99":0,"100":0,"101":0,"102":0,"103":0,"104":0,"105":0,"106":0,"107":0,"108":0,"109":0,"110":0,"111":0,"112":0},"f":{"0":1,"1":6,"2":2,"3":18,"4":1,"5":6,"6":1,"7":6,"8":3,"9":0},"b":{"0":[1],"1":[0,1],"2":[1,1,1],"3":[0,2],"4":[2,2,2],"5":[0,18],"6":[1,0],"7":[0,1],"8":[0,6],"9":[1,0],"10":[0,1],"11":[0,6],"12":[0,3],"13":[1,2],"14":[0,1],"15":[1,1],"16":[0,1],"17":[6,0],"18":[0,0],"19":[0,0],"20":[0,0],"21":[0,0],"22":[0,0],"23":[0,0],"24":[0,0],"25":[0,0],"26":[0,0],"27":[0,0],"28":[0,0],"29":[0,0],"30":[0,0],"31":[0,0],"32":[0,0],"33":[0,0],"34":[0,0],"35":[0,0],"36":[0,0],"37":[0,0,0]},"_coverageSchema":"1a1c01bbd47fc00a2c39e90264f33305004495a9","hash":"e9480f4f272d8010e2d3c7ff36d1837da916632f"}
}
