TN:
SF:JyGDreams\static\JyGDreams\pago.js
FN:1,(anonymous_0)
FN:7,validarDescuento
FN:37,validarEnTiempoReal
FN:76,actualizarSubtotal
FN:95,actualizarTotal
FN:97,(anonymous_5)
FN:113,(anonymous_6)
FN:114,(anonymous_7)
FN:143,(anonymous_8)
FN:145,(anonymous_9)
FN:172,(anonymous_10)
FN:210,(anonymous_11)
FN:224,(anonymous_12)
FN:232,(anonymous_13)
FN:258,(anonymous_14)
FN:263,(anonymous_15)
FN:284,(anonymous_16)
FN:301,(anonymous_17)
FNF:18
FNH:15
FNDA:14,(anonymous_0)
FNDA:2,validarDescuento
FNDA:8,validarEnTiempoReal
FNDA:11,actualizarSubtotal
FNDA:11,actualizarTotal
FNDA:11,(anonymous_5)
FNDA:14,(anonymous_6)
FNDA:2,(anonymous_7)
FNDA:14,(anonymous_8)
FNDA:0,(anonymous_9)
FNDA:8,(anonymous_10)
FNDA:0,(anonymous_11)
FNDA:0,(anonymous_12)
FNDA:2,(anonymous_13)
FNDA:2,(anonymous_14)
FNDA:2,(anonymous_15)
FNDA:2,(anonymous_16)
FNDA:2,(anonymous_17)
DA:1,1
DA:2,14
DA:3,14
DA:4,14
DA:8,2
DA:9,2
DA:10,2
DA:11,2
DA:13,2
DA:15,2
DA:16,2
DA:17,2
DA:19,2
DA:20,0
DA:21,0
DA:22,0
DA:23,0
DA:26,2
DA:27,0
DA:28,0
DA:29,0
DA:30,0
DA:33,2
DA:38,8
DA:39,8
DA:40,8
DA:42,8
DA:45,8
DA:46,8
DA:47,8
DA:50,8
DA:51,8
DA:53,2
DA:54,2
DA:55,2
DA:57,2
DA:58,2
DA:59,6
DA:61,0
DA:62,0
DA:63,0
DA:64,0
DA:69,6
DA:70,6
DA:71,6
DA:72,6
DA:77,11
DA:78,11
DA:79,11
DA:81,11
DA:83,11
DA:84,11
DA:86,11
DA:87,2
DA:90,11
DA:91,11
DA:96,11
DA:97,11
DA:98,11
DA:99,11
DA:100,11
DA:101,11
DA:103,11
DA:104,2
DA:107,11
DA:109,11
DA:113,14
DA:114,14
DA:115,2
DA:116,2
DA:117,2
DA:118,2
DA:120,2
DA:121,1
DA:122,1
DA:123,1
DA:126,1
DA:127,1
DA:128,1
DA:130,1
DA:131,1
DA:133,1
DA:134,1
DA:136,1
DA:137,1
DA:143,14
DA:145,14
DA:147,0
DA:154,0
DA:155,0
DA:159,0
DA:162,0
DA:165,0
DA:169,14
DA:172,14
DA:173,8
DA:174,8
DA:177,8
DA:178,0
DA:179,0
DA:183,8
DA:186,8
DA:187,8
DA:188,1
DA:192,8
DA:193,1
DA:197,8
DA:198,0
DA:201,8
DA:203,8
DA:206,8
DA:209,8
DA:210,2
DA:211,0
DA:212,0
DA:213,0
DA:214,0
DA:219,8
DA:220,8
DA:224,14
DA:225,0
DA:226,0
DA:227,0
DA:228,0
DA:232,14
DA:233,2
DA:234,2
DA:237,2
DA:238,0
DA:239,2
DA:240,1
DA:241,1
DA:243,1
DA:246,2
DA:248,2
DA:249,2
DA:250,2
DA:256,14
DA:257,14
DA:258,14
DA:259,2
DA:261,2
DA:263,2
DA:264,2
DA:266,2
DA:267,0
DA:268,0
DA:273,2
DA:274,0
DA:280,0
DA:284,2
DA:285,2
DA:286,2
DA:287,2
DA:288,2
DA:292,2
DA:302,2
DA:303,2
LF:158
LH:124
BRDA:10,0,0,2
BRDA:10,0,1,0
BRDA:13,1,0,0
BRDA:13,1,1,2
BRDA:19,2,0,0
BRDA:19,2,1,2
BRDA:26,3,0,0
BRDA:26,3,1,2
BRDA:38,4,0,8
BRDA:38,4,1,0
BRDA:42,5,0,0
BRDA:42,5,1,8
BRDA:47,6,0,8
BRDA:47,6,1,0
BRDA:50,7,0,8
BRDA:50,7,1,0
BRDA:50,8,0,8
BRDA:50,8,1,8
BRDA:51,9,0,2
BRDA:51,9,1,6
BRDA:59,10,0,0
BRDA:59,10,1,6
BRDA:81,11,0,0
BRDA:81,11,1,11
BRDA:81,12,0,11
BRDA:81,12,1,11
BRDA:86,13,0,2
BRDA:86,13,1,9
BRDA:86,14,0,11
BRDA:86,14,1,11
BRDA:87,15,0,2
BRDA:87,15,1,0
BRDA:103,16,0,2
BRDA:103,16,1,9
BRDA:103,17,0,11
BRDA:103,17,1,2
BRDA:104,18,0,2
BRDA:104,18,1,0
BRDA:120,19,0,1
BRDA:120,19,1,1
BRDA:122,20,0,1
BRDA:122,20,1,0
BRDA:127,21,0,1
BRDA:127,21,1,0
BRDA:130,22,0,1
BRDA:130,22,1,0
BRDA:133,23,0,1
BRDA:133,23,1,0
BRDA:154,24,0,0
BRDA:154,24,1,0
BRDA:154,25,0,0
BRDA:154,25,1,0
BRDA:154,25,2,0
BRDA:159,26,0,0
BRDA:159,26,1,0
BRDA:159,27,0,0
BRDA:159,27,1,0
BRDA:159,27,2,0
BRDA:159,27,3,0
BRDA:159,27,4,0
BRDA:173,28,0,8
BRDA:173,28,1,0
BRDA:177,29,0,0
BRDA:177,29,1,8
BRDA:187,30,0,1
BRDA:187,30,1,7
BRDA:192,31,0,1
BRDA:192,31,1,7
BRDA:192,32,0,8
BRDA:192,32,1,1
BRDA:197,33,0,0
BRDA:197,33,1,8
BRDA:203,34,0,8
BRDA:203,34,1,0
BRDA:209,35,0,2
BRDA:209,35,1,6
BRDA:233,36,0,2
BRDA:233,36,1,0
BRDA:234,37,0,2
BRDA:234,37,1,0
BRDA:237,38,0,0
BRDA:237,38,1,2
BRDA:239,39,0,1
BRDA:239,39,1,1
BRDA:241,40,0,1
BRDA:241,40,1,0
BRDA:241,41,0,1
BRDA:241,41,1,1
BRDA:257,42,0,14
BRDA:257,42,1,0
BRDA:266,43,0,0
BRDA:266,43,1,2
BRDA:266,44,0,2
BRDA:266,44,1,2
BRDA:267,45,0,0
BRDA:267,45,1,0
BRDA:273,46,0,0
BRDA:273,46,1,2
BRDA:287,47,0,2
BRDA:287,47,1,0
BRDA:287,48,0,2
BRDA:287,48,1,2
BRDA:302,49,0,2
BRDA:302,49,1,0
BRF:104
BRH:61
end_of_record
TN:
SF:JyGDreams\static\JyGDreams\validando_agregarpx.js
FN:1,calcularEdad
FN:16,(anonymous_1)
FN:27,calcularEdad
FN:38,normalizarCampoLetras
FN:40,(anonymous_4)
FN:63,normalizarCampoNumeros
FN:65,(anonymous_6)
FN:89,validarFechaNacimiento
FN:91,(anonymous_8)
FN:144,(anonymous_9)
FNF:10
FNH:9
FNDA:1,calcularEdad
FNDA:6,(anonymous_1)
FNDA:2,calcularEdad
FNDA:18,normalizarCampoLetras
FNDA:1,(anonymous_4)
FNDA:6,normalizarCampoNumeros
FNDA:1,(anonymous_6)
FNDA:6,validarFechaNacimiento
FNDA:3,(anonymous_8)
FNDA:0,(anonymous_9)
DA:2,1
DA:3,1
DA:4,1
DA:6,1
DA:7,0
DA:10,1
DA:13,1
DA:16,1
DA:17,6
DA:18,6
DA:19,6
DA:20,6
DA:21,6
DA:22,6
DA:24,6
DA:25,6
DA:28,2
DA:29,2
DA:30,2
DA:31,2
DA:32,2
DA:33,0
DA:35,2
DA:39,18
DA:40,18
DA:41,1
DA:42,1
DA:44,1
DA:45,1
DA:46,0
DA:56,1
DA:59,1
DA:64,6
DA:65,6
DA:66,1
DA:67,1
DA:69,1
DA:70,1
DA:71,0
DA:81,1
DA:84,1
DA:85,1
DA:90,6
DA:91,6
DA:92,3
DA:93,3
DA:94,3
DA:95,3
DA:96,3
DA:97,3
DA:98,3
DA:99,1
DA:100,1
DA:101,0
DA:111,1
DA:113,1
DA:114,1
DA:116,2
DA:117,2
DA:118,1
DA:119,1
DA:120,0
DA:130,1
DA:132,1
DA:137,6
DA:138,6
DA:139,6
DA:140,6
DA:141,6
DA:143,6
DA:144,6
DA:145,0
DA:146,0
DA:147,0
DA:148,0
DA:149,0
DA:151,0
DA:152,0
DA:153,0
DA:155,0
DA:156,0
DA:158,0
DA:159,0
DA:161,0
DA:162,0
DA:164,0
DA:165,0
DA:166,0
DA:167,0
DA:168,0
DA:169,0
DA:170,0
DA:171,0
DA:172,0
DA:176,0
DA:177,0
DA:178,0
DA:179,0
DA:186,0
DA:190,0
DA:191,0
DA:192,0
DA:193,0
DA:194,0
DA:195,0
DA:196,0
DA:197,0
DA:198,0
DA:199,0
LF:109
LH:65
BRDA:1,0,0,1
BRDA:6,1,0,0
BRDA:6,1,1,1
BRDA:6,2,0,1
BRDA:6,2,1,1
BRDA:6,2,2,1
BRDA:32,3,0,0
BRDA:32,3,1,2
BRDA:32,4,0,2
BRDA:32,4,1,2
BRDA:32,4,2,2
BRDA:39,5,0,0
BRDA:39,5,1,18
BRDA:42,6,0,1
BRDA:42,6,1,0
BRDA:45,7,0,0
BRDA:45,7,1,1
BRDA:64,8,0,0
BRDA:64,8,1,6
BRDA:67,9,0,1
BRDA:67,9,1,0
BRDA:70,10,0,0
BRDA:70,10,1,1
BRDA:90,11,0,0
BRDA:90,11,1,6
BRDA:93,12,0,0
BRDA:93,12,1,3
BRDA:98,13,0,1
BRDA:98,13,1,2
BRDA:100,14,0,0
BRDA:100,14,1,1
BRDA:117,15,0,1
BRDA:117,15,1,1
BRDA:119,16,0,0
BRDA:119,16,1,1
BRDA:143,17,0,6
BRDA:143,17,1,0
BRDA:145,18,0,0
BRDA:145,18,1,0
BRDA:146,19,0,0
BRDA:146,19,1,0
BRDA:147,20,0,0
BRDA:147,20,1,0
BRDA:148,21,0,0
BRDA:148,21,1,0
BRDA:149,22,0,0
BRDA:149,22,1,0
BRDA:152,23,0,0
BRDA:152,23,1,0
BRDA:155,24,0,0
BRDA:155,24,1,0
BRDA:158,25,0,0
BRDA:158,25,1,0
BRDA:161,26,0,0
BRDA:161,26,1,0
BRDA:164,27,0,0
BRDA:164,27,1,0
BRDA:169,28,0,0
BRDA:169,28,1,0
BRDA:171,29,0,0
BRDA:171,29,1,0
BRDA:176,30,0,0
BRDA:176,30,1,0
BRDA:178,31,0,0
BRDA:178,31,1,0
BRDA:190,32,0,0
BRDA:190,32,1,0
BRDA:192,33,0,0
BRDA:192,33,1,0
BRDA:194,34,0,0
BRDA:194,34,1,0
BRDA:196,35,0,0
BRDA:196,35,1,0
BRDA:198,36,0,0
BRDA:198,36,1,0
BRDA:198,37,0,0
BRDA:198,37,1,0
BRDA:198,37,2,0
BRF:78
BRH:24
end_of_record
